{"uuid":"f3acafbd-120e-4cf6-9215-17f95cd26dcc","historyId":"c0f5d7c02de64f749ff93ae0c8aad5dd","testCaseId":"314361aa8333ef366bc6881f8ffecc6a","fullName":"src/test/resources/features/books.feature:16","labels":[{"name":"host","value":"mahmoud"},{"name":"thread","value":"20456@mahmoud.main(1)"},{"name":"feature","value":"Simple Books API Testing"},{"name":"story","value":"Full API workflow"},{"name":"suite","value":"Simple Books API Testing"},{"name":"testClass","value":"Full API workflow"},{"name":"framework","value":"cucumber4jvm"},{"name":"language","value":"java"},{"name":"gherkin_uri","value":"file:///C:/Downloads/untitled/src/test/resources/features/books.feature"},{"name":"package","value":"src.test.resources.features.books_feature.Simple Books API Testing"}],"links":[],"name":"Full API workflow","status":"failed","statusDetails":{"known":false,"muted":false,"flaky":false,"message":"expected object to not be null","trace":"java.lang.AssertionError: expected object to not be null\r\n\tat org.testng.Assert.fail(Assert.java:111)\r\n\tat org.testng.Assert.assertNotNull(Assert.java:1484)\r\n\tat org.testng.Assert.assertNotNull(Assert.java:1468)\r\n\tat api.steps.BookSteps.createOrder(BookSteps.java:69)\r\n\tat ✽.I create a new order(file:///C:/Downloads/untitled/src/test/resources/features/books.feature:7)\r\n"},"stage":"finished","steps":[{"name":"Given I create a new client and get access token","status":"passed","statusDetails":{"known":false,"muted":false,"flaky":false},"stage":"finished","steps":[],"attachments":[],"parameters":[],"start":1762552374052,"stop":1762552374744},{"name":"When I send a GET request to fetch \"non-fiction\" books","status":"passed","statusDetails":{"known":false,"muted":false,"flaky":false},"stage":"finished","steps":[],"attachments":[],"parameters":[],"start":1762552374744,"stop":1762552375377},{"name":"And I get the book details","status":"passed","statusDetails":{"known":false,"muted":false,"flaky":false},"stage":"finished","steps":[],"attachments":[],"parameters":[],"start":1762552375377,"stop":1762552376657},{"name":"And I create a new order","status":"failed","statusDetails":{"known":false,"muted":false,"flaky":false,"message":"expected object to not be null","trace":"java.lang.AssertionError: expected object to not be null\r\n\tat org.testng.Assert.fail(Assert.java:111)\r\n\tat org.testng.Assert.assertNotNull(Assert.java:1484)\r\n\tat org.testng.Assert.assertNotNull(Assert.java:1468)\r\n\tat api.steps.BookSteps.createOrder(BookSteps.java:69)\r\n\tat ✽.I create a new order(file:///C:/Downloads/untitled/src/test/resources/features/books.feature:7)\r\n"},"stage":"finished","steps":[],"attachments":[],"parameters":[],"start":1762552376657,"stop":1762552377780},{"name":"Then I get the order details","status":"skipped","statusDetails":{"known":false,"muted":false,"flaky":false},"stage":"finished","steps":[],"attachments":[],"parameters":[],"start":1762552377781,"stop":1762552377781},{"name":"And I update the order name","status":"skipped","statusDetails":{"known":false,"muted":false,"flaky":false},"stage":"finished","steps":[],"attachments":[],"parameters":[],"start":1762552377781,"stop":1762552377781},{"name":"And I delete the order","status":"skipped","statusDetails":{"known":false,"muted":false,"flaky":false},"stage":"finished","steps":[],"attachments":[],"parameters":[],"start":1762552377781,"stop":1762552377781}],"attachments":[],"parameters":[{"name":"Type","value":"non-fiction"}],"start":1762552374050,"stop":1762552377783}